Analysis & Synthesis report for Lab_2_part_4
Wed Jun 17 09:26:50 2026
Quartus Prime Version 20.1.1 Build 720 11/11/2020 SJ Lite Edition


---------------------
; Table of Contents ;
---------------------
  1. Legal Notice
  2. Analysis & Synthesis Summary
  3. Analysis & Synthesis Settings
  4. Parallel Compilation
  5. Analysis & Synthesis Source Files Read
  6. Analysis & Synthesis Resource Usage Summary
  7. Analysis & Synthesis Resource Utilization by Entity
  8. General Register Statistics
  9. Port Connectivity Checks: "char_7seg:HS1"
 10. Port Connectivity Checks: "mux4bit:M0"
 11. Post-Synthesis Netlist Statistics for Top Partition
 12. Elapsed Time Per Partition
 13. Analysis & Synthesis Messages



----------------
; Legal Notice ;
----------------
Copyright (C) 2020  Intel Corporation. All rights reserved.
Your use of Intel Corporation's design tools, logic functions 
and other software and tools, and any partner logic 
functions, and any output files from any of the foregoing 
(including device programming or simulation files), and any 
associated documentation or information are expressly subject 
to the terms and conditions of the Intel Program License 
Subscription Agreement, the Intel Quartus Prime License Agreement,
the Intel FPGA IP License Agreement, or other applicable license
agreement, including, without limitation, that your use is for
the sole purpose of programming logic devices manufactured by
Intel and sold by Intel or its authorized distributors.  Please
refer to the applicable agreement for further details, at
https://fpgasoftware.intel.com/eula.



+-------------------------------------------------------------------------------+
; Analysis & Synthesis Summary                                                  ;
+---------------------------------+---------------------------------------------+
; Analysis & Synthesis Status     ; Successful - Wed Jun 17 09:26:50 2026       ;
; Quartus Prime Version           ; 20.1.1 Build 720 11/11/2020 SJ Lite Edition ;
; Revision Name                   ; Lab_2_part_4                                ;
; Top-level Entity Name           ; Lab_2_part_4                                ;
; Family                          ; Cyclone V                                   ;
; Logic utilization (in ALMs)     ; N/A                                         ;
; Total registers                 ; 0                                           ;
; Total pins                      ; 47                                          ;
; Total virtual pins              ; 0                                           ;
; Total block memory bits         ; 0                                           ;
; Total DSP Blocks                ; 0                                           ;
; Total HSSI RX PCSs              ; 0                                           ;
; Total HSSI PMA RX Deserializers ; 0                                           ;
; Total HSSI TX PCSs              ; 0                                           ;
; Total HSSI PMA TX Serializers   ; 0                                           ;
; Total PLLs                      ; 0                                           ;
; Total DLLs                      ; 0                                           ;
+---------------------------------+---------------------------------------------+


+---------------------------------------------------------------------------------------------------------------------------+
; Analysis & Synthesis Settings                                                                                             ;
+---------------------------------------------------------------------------------+--------------------+--------------------+
; Option                                                                          ; Setting            ; Default Value      ;
+---------------------------------------------------------------------------------+--------------------+--------------------+
; Device                                                                          ; 5CSEMA5F31C6       ;                    ;
; Top-level entity name                                                           ; Lab_2_part_4       ; Lab_2_part_4       ;
; Family name                                                                     ; Cyclone V          ; Cyclone V          ;
; Use smart compilation                                                           ; Off                ; Off                ;
; Enable parallel Assembler and Timing Analyzer during compilation                ; On                 ; On                 ;
; Enable compact report table                                                     ; Off                ; Off                ;
; Restructure Multiplexers                                                        ; Auto               ; Auto               ;
; MLAB Add Timing Constraints For Mixed-Port Feed-Through Mode Setting Don't Care ; Off                ; Off                ;
; Create Debugging Nodes for IP Cores                                             ; Off                ; Off                ;
; Preserve fewer node names                                                       ; On                 ; On                 ;
; Intel FPGA IP Evaluation Mode                                                   ; Enable             ; Enable             ;
; Verilog Version                                                                 ; Verilog_2001       ; Verilog_2001       ;
; VHDL Version                                                                    ; VHDL_1993          ; VHDL_1993          ;
; State Machine Processing                                                        ; Auto               ; Auto               ;
; Safe State Machine                                                              ; Off                ; Off                ;
; Extract Verilog State Machines                                                  ; On                 ; On                 ;
; Extract VHDL State Machines                                                     ; On                 ; On                 ;
; Ignore Verilog initial constructs                                               ; Off                ; Off                ;
; Iteration limit for constant Verilog loops                                      ; 5000               ; 5000               ;
; Iteration limit for non-constant Verilog loops                                  ; 250                ; 250                ;
; Add Pass-Through Logic to Inferred RAMs                                         ; On                 ; On                 ;
; Infer RAMs from Raw Logic                                                       ; On                 ; On                 ;
; Parallel Synthesis                                                              ; On                 ; On                 ;
; DSP Block Balancing                                                             ; Auto               ; Auto               ;
; NOT Gate Push-Back                                                              ; On                 ; On                 ;
; Power-Up Don't Care                                                             ; On                 ; On                 ;
; Remove Redundant Logic Cells                                                    ; Off                ; Off                ;
; Remove Duplicate Registers                                                      ; On                 ; On                 ;
; Ignore CARRY Buffers                                                            ; Off                ; Off                ;
; Ignore CASCADE Buffers                                                          ; Off                ; Off                ;
; Ignore GLOBAL Buffers                                                           ; Off                ; Off                ;
; Ignore ROW GLOBAL Buffers                                                       ; Off                ; Off                ;
; Ignore LCELL Buffers                                                            ; Off                ; Off                ;
; Ignore SOFT Buffers                                                             ; On                 ; On                 ;
; Limit AHDL Integers to 32 Bits                                                  ; Off                ; Off                ;
; Optimization Technique                                                          ; Balanced           ; Balanced           ;
; Carry Chain Length                                                              ; 70                 ; 70                 ;
; Auto Carry Chains                                                               ; On                 ; On                 ;
; Auto Open-Drain Pins                                                            ; On                 ; On                 ;
; Perform WYSIWYG Primitive Resynthesis                                           ; Off                ; Off                ;
; Auto ROM Replacement                                                            ; On                 ; On                 ;
; Auto RAM Replacement                                                            ; On                 ; On                 ;
; Auto DSP Block Replacement                                                      ; On                 ; On                 ;
; Auto Shift Register Replacement                                                 ; Auto               ; Auto               ;
; Allow Shift Register Merging across Hierarchies                                 ; Auto               ; Auto               ;
; Auto Clock Enable Replacement                                                   ; On                 ; On                 ;
; Strict RAM Replacement                                                          ; Off                ; Off                ;
; Allow Synchronous Control Signals                                               ; On                 ; On                 ;
; Force Use of Synchronous Clear Signals                                          ; Off                ; Off                ;
; Auto Resource Sharing                                                           ; Off                ; Off                ;
; Allow Any RAM Size For Recognition                                              ; Off                ; Off                ;
; Allow Any ROM Size For Recognition                                              ; Off                ; Off                ;
; Allow Any Shift Register Size For Recognition                                   ; Off                ; Off                ;
; Use LogicLock Constraints during Resource Balancing                             ; On                 ; On                 ;
; Ignore translate_off and synthesis_off directives                               ; Off                ; Off                ;
; Timing-Driven Synthesis                                                         ; On                 ; On                 ;
; Report Parameter Settings                                                       ; On                 ; On                 ;
; Report Source Assignments                                                       ; On                 ; On                 ;
; Report Connectivity Checks                                                      ; On                 ; On                 ;
; Ignore Maximum Fan-Out Assignments                                              ; Off                ; Off                ;
; Synchronization Register Chain Length                                           ; 3                  ; 3                  ;
; Power Optimization During Synthesis                                             ; Normal compilation ; Normal compilation ;
; HDL message level                                                               ; Level2             ; Level2             ;
; Suppress Register Optimization Related Messages                                 ; Off                ; Off                ;
; Number of Removed Registers Reported in Synthesis Report                        ; 5000               ; 5000               ;
; Number of Swept Nodes Reported in Synthesis Report                              ; 5000               ; 5000               ;
; Number of Inverted Registers Reported in Synthesis Report                       ; 100                ; 100                ;
; Clock MUX Protection                                                            ; On                 ; On                 ;
; Auto Gated Clock Conversion                                                     ; Off                ; Off                ;
; Block Design Naming                                                             ; Auto               ; Auto               ;
; SDC constraint protection                                                       ; Off                ; Off                ;
; Synthesis Effort                                                                ; Auto               ; Auto               ;
; Shift Register Replacement - Allow Asynchronous Clear Signal                    ; On                 ; On                 ;
; Pre-Mapping Resynthesis Optimization                                            ; Off                ; Off                ;
; Analysis & Synthesis Message Level                                              ; Medium             ; Medium             ;
; Disable Register Merging Across Hierarchies                                     ; Auto               ; Auto               ;
; Resource Aware Inference For Block RAM                                          ; On                 ; On                 ;
; Automatic Parallel Synthesis                                                    ; On                 ; On                 ;
; Partial Reconfiguration Bitstream ID                                            ; Off                ; Off                ;
+---------------------------------------------------------------------------------+--------------------+--------------------+


+------------------------------------------+
; Parallel Compilation                     ;
+----------------------------+-------------+
; Processors                 ; Number      ;
+----------------------------+-------------+
; Number detected on machine ; 8           ;
; Maximum allowed            ; 8           ;
;                            ;             ;
; Average used               ; 1.00        ;
; Maximum used               ; 1           ;
;                            ;             ;
; Usage by Processor         ; % Time Used ;
;     Processor 1            ; 100.0%      ;
+----------------------------+-------------+


+--------------------------------------------------------------------------------------------------------------------------------------------------------------------+
; Analysis & Synthesis Source Files Read                                                                                                                             ;
+----------------------------------+-----------------+------------------------+----------------------------------------------------------------------------+---------+
; File Name with User-Entered Path ; Used in Netlist ; File Type              ; File Name with Absolute Path                                               ; Library ;
+----------------------------------+-----------------+------------------------+----------------------------------------------------------------------------+---------+
; ../Lab 2_part_1/char_7seg.v      ; yes             ; User Verilog HDL File  ; D:/Documentos/Circuitos Logicos/Prueba1/Tareas/Lab 2_part_1/char_7seg.v    ;         ;
; ../Lab 2_part_3/full_adder.v     ; yes             ; User Verilog HDL File  ; D:/Documentos/Circuitos Logicos/Prueba1/Tareas/Lab 2_part_3/full_adder.v   ;         ;
; Lab_2_part_4.v                   ; yes             ; User Verilog HDL File  ; D:/Documentos/Circuitos Logicos/Prueba1/Tareas/Lab 2_part_4/Lab_2_part_4.v ;         ;
; over15_fix.v                     ; yes             ; User Verilog HDL File  ; D:/Documentos/Circuitos Logicos/Prueba1/Tareas/Lab 2_part_4/over15_fix.v   ;         ;
; mux4bit.v                        ; yes             ; User Verilog HDL File  ; D:/Documentos/Circuitos Logicos/Prueba1/Tareas/Lab 2_part_4/mux4bit.v      ;         ;
+----------------------------------+-----------------+------------------------+----------------------------------------------------------------------------+---------+


+-----------------------------------------------------------+
; Analysis & Synthesis Resource Usage Summary               ;
+---------------------------------------------+-------------+
; Resource                                    ; Usage       ;
+---------------------------------------------+-------------+
; Estimate of Logic utilization (ALMs needed) ; 16          ;
;                                             ;             ;
; Combinational ALUT usage for logic          ; 29          ;
;     -- 7 input functions                    ; 0           ;
;     -- 6 input functions                    ; 2           ;
;     -- 5 input functions                    ; 11          ;
;     -- 4 input functions                    ; 14          ;
;     -- <=3 input functions                  ; 2           ;
;                                             ;             ;
; Dedicated logic registers                   ; 0           ;
;                                             ;             ;
; I/O pins                                    ; 47          ;
;                                             ;             ;
; Total DSP Blocks                            ; 0           ;
;                                             ;             ;
; Maximum fan-out node                        ; SW[2]~input ;
; Maximum fan-out                             ; 12          ;
; Total fan-out                               ; 207         ;
; Average fan-out                             ; 1.68        ;
+---------------------------------------------+-------------+


+--------------------------------------------------------------------------------------------------------------------------------------------------------------------------------------------------+
; Analysis & Synthesis Resource Utilization by Entity                                                                                                                                              ;
+----------------------------+---------------------+---------------------------+-------------------+------------+------+--------------+------------------------------+--------------+--------------+
; Compilation Hierarchy Node ; Combinational ALUTs ; Dedicated Logic Registers ; Block Memory Bits ; DSP Blocks ; Pins ; Virtual Pins ; Full Hierarchy Name          ; Entity Name  ; Library Name ;
+----------------------------+---------------------+---------------------------+-------------------+------------+------+--------------+------------------------------+--------------+--------------+
; |Lab_2_part_4              ; 29 (1)              ; 0 (0)                     ; 0                 ; 0          ; 47   ; 0            ; |Lab_2_part_4                ; Lab_2_part_4 ; work         ;
;    |char_7seg:HS0|         ; 7 (7)               ; 0 (0)                     ; 0                 ; 0          ; 0    ; 0            ; |Lab_2_part_4|char_7seg:HS0  ; char_7seg    ; work         ;
;    |char_7seg:HX|          ; 7 (7)               ; 0 (0)                     ; 0                 ; 0          ; 0    ; 0            ; |Lab_2_part_4|char_7seg:HX   ; char_7seg    ; work         ;
;    |char_7seg:HY|          ; 7 (7)               ; 0 (0)                     ; 0                 ; 0          ; 0    ; 0            ; |Lab_2_part_4|char_7seg:HY   ; char_7seg    ; work         ;
;    |full_adder:FA0|        ; 1 (1)               ; 0 (0)                     ; 0                 ; 0          ; 0    ; 0            ; |Lab_2_part_4|full_adder:FA0 ; full_adder   ; work         ;
;    |full_adder:FA1|        ; 2 (2)               ; 0 (0)                     ; 0                 ; 0          ; 0    ; 0            ; |Lab_2_part_4|full_adder:FA1 ; full_adder   ; work         ;
;    |full_adder:FA2|        ; 1 (1)               ; 0 (0)                     ; 0                 ; 0          ; 0    ; 0            ; |Lab_2_part_4|full_adder:FA2 ; full_adder   ; work         ;
;    |full_adder:FA3|        ; 2 (2)               ; 0 (0)                     ; 0                 ; 0          ; 0    ; 0            ; |Lab_2_part_4|full_adder:FA3 ; full_adder   ; work         ;
;    |mux4bit:M1|            ; 1 (1)               ; 0 (0)                     ; 0                 ; 0          ; 0    ; 0            ; |Lab_2_part_4|mux4bit:M1     ; mux4bit      ; work         ;
+----------------------------+---------------------+---------------------------+-------------------+------------+------+--------------+------------------------------+--------------+--------------+
Note: For table entries with two numbers listed, the numbers in parentheses indicate the number of resources of the given type used by the specific entity alone. The numbers listed outside of parentheses indicate the total resources of the given type used by the specific entity and all of its sub-entities in the hierarchy.


+------------------------------------------------------+
; General Register Statistics                          ;
+----------------------------------------------+-------+
; Statistic                                    ; Value ;
+----------------------------------------------+-------+
; Total registers                              ; 0     ;
; Number of registers using Synchronous Clear  ; 0     ;
; Number of registers using Synchronous Load   ; 0     ;
; Number of registers using Asynchronous Clear ; 0     ;
; Number of registers using Asynchronous Load  ; 0     ;
; Number of registers using Clock Enable       ; 0     ;
; Number of registers using Preset             ; 0     ;
+----------------------------------------------+-------+


+-------------------------------------------+
; Port Connectivity Checks: "char_7seg:HS1" ;
+---------+-------+----------+--------------+
; Port    ; Type  ; Severity ; Details      ;
+---------+-------+----------+--------------+
; X[3..1] ; Input ; Info     ; Stuck at GND ;
+---------+-------+----------+--------------+


+-----------------------------------------+
; Port Connectivity Checks: "mux4bit:M0"  ;
+-------+-------+----------+--------------+
; Port  ; Type  ; Severity ; Details      ;
+-------+-------+----------+--------------+
; I1[3] ; Input ; Info     ; Stuck at GND ;
+-------+-------+----------+--------------+


+-----------------------------------------------------+
; Post-Synthesis Netlist Statistics for Top Partition ;
+-----------------------+-----------------------------+
; Type                  ; Count                       ;
+-----------------------+-----------------------------+
; arriav_lcell_comb     ; 38                          ;
;     normal            ; 38                          ;
;         0 data inputs ; 2                           ;
;         1 data inputs ; 7                           ;
;         3 data inputs ; 2                           ;
;         4 data inputs ; 14                          ;
;         5 data inputs ; 11                          ;
;         6 data inputs ; 2                           ;
; boundary_port         ; 47                          ;
;                       ;                             ;
; Max LUT depth         ; 4.00                        ;
; Average LUT depth     ; 2.51                        ;
+-----------------------+-----------------------------+


+-------------------------------+
; Elapsed Time Per Partition    ;
+----------------+--------------+
; Partition Name ; Elapsed Time ;
+----------------+--------------+
; Top            ; 00:00:00     ;
+----------------+--------------+


+-------------------------------+
; Analysis & Synthesis Messages ;
+-------------------------------+
Info: *******************************************************************
Info: Running Quartus Prime Analysis & Synthesis
    Info: Version 20.1.1 Build 720 11/11/2020 SJ Lite Edition
    Info: Processing started: Wed Jun 17 09:26:37 2026
Info: Command: quartus_map --read_settings_files=on --write_settings_files=off Lab_2_part_4 -c Lab_2_part_4
Warning (18236): Number of processors has not been specified which may cause overloading on shared machines.  Set the global assignment NUM_PARALLEL_PROCESSORS in your QSF to an appropriate value for best performance.
Info (20030): Parallel compilation is enabled and will use 8 of the 8 processors detected
Info (12021): Found 1 design units, including 1 entities, in source file /documentos/circuitos logicos/prueba1/tareas/lab 2_part_1/char_7seg.v
    Info (12023): Found entity 1: char_7seg File: D:/Documentos/Circuitos Logicos/Prueba1/Tareas/Lab 2_part_1/char_7seg.v Line: 1
Info (12021): Found 1 design units, including 1 entities, in source file /documentos/circuitos logicos/prueba1/tareas/lab 2_part_3/full_adder.v
    Info (12023): Found entity 1: full_adder File: D:/Documentos/Circuitos Logicos/Prueba1/Tareas/Lab 2_part_3/full_adder.v Line: 1
Info (12021): Found 1 design units, including 1 entities, in source file lab_2_part_4.v
    Info (12023): Found entity 1: Lab_2_part_4 File: D:/Documentos/Circuitos Logicos/Prueba1/Tareas/Lab 2_part_4/Lab_2_part_4.v Line: 1
Info (12021): Found 1 design units, including 1 entities, in source file over15_fix.v
    Info (12023): Found entity 1: over15_fix File: D:/Documentos/Circuitos Logicos/Prueba1/Tareas/Lab 2_part_4/over15_fix.v Line: 1
Info (12021): Found 1 design units, including 1 entities, in source file mux4bit.v
    Info (12023): Found entity 1: mux4bit File: D:/Documentos/Circuitos Logicos/Prueba1/Tareas/Lab 2_part_4/mux4bit.v Line: 1
Info (12021): Found 1 design units, including 1 entities, in source file lab_2_part_4_tb.v
    Info (12023): Found entity 1: Lab_2_part_4_TB File: D:/Documentos/Circuitos Logicos/Prueba1/Tareas/Lab 2_part_4/Lab_2_part_4_TB.v Line: 1
Info (12127): Elaborating entity "Lab_2_part_4" for the top level hierarchy
Warning (10034): Output port "LEDR[8..5]" at Lab_2_part_4.v(4) has no driver File: D:/Documentos/Circuitos Logicos/Prueba1/Tareas/Lab 2_part_4/Lab_2_part_4.v Line: 4
Info (12128): Elaborating entity "full_adder" for hierarchy "full_adder:FA0" File: D:/Documentos/Circuitos Logicos/Prueba1/Tareas/Lab 2_part_4/Lab_2_part_4.v Line: 28
Info (12128): Elaborating entity "mux4bit" for hierarchy "mux4bit:M0" File: D:/Documentos/Circuitos Logicos/Prueba1/Tareas/Lab 2_part_4/Lab_2_part_4.v Line: 77
Info (12128): Elaborating entity "over15_fix" for hierarchy "over15_fix:FIXER" File: D:/Documentos/Circuitos Logicos/Prueba1/Tareas/Lab 2_part_4/Lab_2_part_4.v Line: 87
Info (12128): Elaborating entity "char_7seg" for hierarchy "char_7seg:HX" File: D:/Documentos/Circuitos Logicos/Prueba1/Tareas/Lab 2_part_4/Lab_2_part_4.v Line: 113
Warning (13024): Output pins are stuck at VCC or GND
    Warning (13410): Pin "LEDR[5]" is stuck at GND File: D:/Documentos/Circuitos Logicos/Prueba1/Tareas/Lab 2_part_4/Lab_2_part_4.v Line: 4
    Warning (13410): Pin "LEDR[6]" is stuck at GND File: D:/Documentos/Circuitos Logicos/Prueba1/Tareas/Lab 2_part_4/Lab_2_part_4.v Line: 4
    Warning (13410): Pin "LEDR[7]" is stuck at GND File: D:/Documentos/Circuitos Logicos/Prueba1/Tareas/Lab 2_part_4/Lab_2_part_4.v Line: 4
    Warning (13410): Pin "LEDR[8]" is stuck at GND File: D:/Documentos/Circuitos Logicos/Prueba1/Tareas/Lab 2_part_4/Lab_2_part_4.v Line: 4
    Warning (13410): Pin "HEX1[1]" is stuck at GND File: D:/Documentos/Circuitos Logicos/Prueba1/Tareas/Lab 2_part_4/Lab_2_part_4.v Line: 7
    Warning (13410): Pin "HEX1[2]" is stuck at GND File: D:/Documentos/Circuitos Logicos/Prueba1/Tareas/Lab 2_part_4/Lab_2_part_4.v Line: 7
    Warning (13410): Pin "HEX1[6]" is stuck at VCC File: D:/Documentos/Circuitos Logicos/Prueba1/Tareas/Lab 2_part_4/Lab_2_part_4.v Line: 7
Info (286030): Timing-Driven Synthesis is running
Info (16010): Generating hard_block partition "hard_block:auto_generated_inst"
    Info (16011): Adding 0 node(s), including 0 DDIO, 0 PLL, 0 transceiver and 0 LCELL
Info (21057): Implemented 76 device resources after synthesis - the final resource count might be different
    Info (21058): Implemented 9 input pins
    Info (21059): Implemented 38 output pins
    Info (21061): Implemented 29 logic cells
Info: Quartus Prime Analysis & Synthesis was successful. 0 errors, 10 warnings
    Info: Peak virtual memory: 4829 megabytes
    Info: Processing ended: Wed Jun 17 09:26:50 2026
    Info: Elapsed time: 00:00:13
    Info: Total CPU time (on all processors): 00:00:28


